{"code":"ETIMEDOUT","errno":-110,"level":"error","message":"Failed to find user with email: benswordfire@gmail.com read ETIMEDOUT","stack":"Error: read ETIMEDOUT\n    at PromisePool.execute (/home/kali/Documents/benswordfire/boilerplate/node_modules/mysql2/lib/promise/pool.js:54:22)\n    at /home/kali/Documents/benswordfire/boilerplate/src/modules/authentication/models/auth.models.ts:89:77\n    at Generator.next (<anonymous>)\n    at /home/kali/Documents/benswordfire/boilerplate/src/modules/authentication/models/auth.models.ts:8:71\n    at new Promise (<anonymous>)\n    at __awaiter (/home/kali/Documents/benswordfire/boilerplate/src/modules/authentication/models/auth.models.ts:4:12)\n    at findUserByEmail (/home/kali/Documents/benswordfire/boilerplate/src/modules/authentication/models/auth.models.ts:69:27)\n    at /home/kali/Documents/benswordfire/boilerplate/src/modules/authentication/services/auth.service.ts:196:39\n    at Generator.next (<anonymous>)\n    at /home/kali/Documents/benswordfire/boilerplate/src/modules/authentication/services/auth.service.ts:41:71"}
{"level":"info","message":"User with id:[object Object] insterted to DB"}
{"level":"debug","message":"Attempting to insert user to DB with email: benvonschmid@gmail.com"}
{"level":"info","message":"User insterted to DB with id: 767c39c7-f51d-11ef-910c-bc2411e5ef82"}
{"level":"debug","message":"Attempting to insert user to DB with email: benswordfire@gmail.com","timestamp":"2025-02-27T15:19:29.602Z"}
{"level":"info","message":"User insterted to DB with id: 3d333203-f51e-11ef-910c-bc2411e5ef82","timestamp":"2025-02-27T15:19:29.696Z"}
{"level":"\u001b[34mdebug\u001b[39m","message":"Attempting to insert user to DB with email: kovacsbencet@gmail.com","timestamp":"2025-02-27T15:23:17.623Z"}
{"level":"\u001b[32minfo\u001b[39m","message":"User insterted to DB with id: c51d0111-f51e-11ef-910c-bc2411e5ef82","timestamp":"2025-02-27T15:23:17.723Z"}
{"level":"\u001b[34mdebug\u001b[39m","message":"Attempting to retrieve user from DB with id: d09369b0-f2e1-11ef-910c-bc2411e5ef82","timestamp":"2025-02-27T15:37:26.772Z"}
{"level":"\u001b[34mdebug\u001b[39m","message":"User not found with the id: d09369b0-f2e1-11ef-910c-bc2411e5ef82","timestamp":"2025-02-27T15:37:26.958Z"}
{"level":"\u001b[34mdebug\u001b[39m","message":"Attempting to retrieve user from DB with email: aszaltdio@gmail.com","timestamp":"2025-02-27T15:39:03.771Z"}
{"level":"\u001b[34mdebug\u001b[39m","message":"User not found with the email: aszaltdio@gmail.com","timestamp":"2025-02-27T15:39:03.947Z"}
{"level":"\u001b[34mdebug\u001b[39m","message":"Attempting to retrieve user from DB with email: benswordfire@gmail.com","timestamp":"2025-02-27T15:44:55.514Z"}
{"level":"\u001b[34mdebug\u001b[39m","message":"User not found with the email: benswordfire@gmail.com","timestamp":"2025-02-27T15:44:55.691Z"}
{"level":"\u001b[34mdebug\u001b[39m","message":"Attempting to retrieve user from DB with email: benswordfire@gmail.com","timestamp":"2025-02-27T15:45:09.232Z"}
{"level":"\u001b[34mdebug\u001b[39m","message":"User not found with the email: benswordfire@gmail.com","timestamp":"2025-02-27T15:45:09.263Z"}
{"level":"\u001b[34mdebug\u001b[39m","message":"Attempting to insert user to DB with email: benswordfire@gmail.com","timestamp":"2025-02-27T15:45:09.726Z"}
{"level":"\u001b[32minfo\u001b[39m","message":"User insterted to DB with id: d32f9ff0-f521-11ef-910c-bc2411e5ef82","timestamp":"2025-02-27T15:45:09.824Z"}
{"level":"\u001b[34mdebug\u001b[39m","message":"Attempting to retrieve user from DB with id: d32f9ff0-f521-11ef-910c-bc2411e5ef82","timestamp":"2025-02-27T15:45:31.369Z"}
{"level":"\u001b[32minfo\u001b[39m","message":"User retrieved with the id: d32f9ff0-f521-11ef-910c-bc2411e5ef82","timestamp":"2025-02-27T15:45:31.423Z"}
{"level":"\u001b[32minfo\u001b[39m","message":"Updated 1 fields for user d32f9ff0-f521-11ef-910c-bc2411e5ef82","timestamp":"2025-02-27T15:45:31.478Z"}
{"level":"\u001b[34mdebug\u001b[39m","message":"Attempting to retrieve user from DB with email: benswordfire@gmail.com","timestamp":"2025-02-27T15:45:58.956Z"}
{"level":"\u001b[32minfo\u001b[39m","message":"User retrieved with the email: benswordfire@gmail.com","timestamp":"2025-02-27T15:45:58.984Z"}
{"level":"\u001b[34mdebug\u001b[39m","message":"Attempting to retrieve user from DB with id: d32f9ff0-f521-11ef-910c-bc2411e5ef82","timestamp":"2025-02-27T15:45:59.515Z"}
{"level":"\u001b[32minfo\u001b[39m","message":"User retrieved with the id: d32f9ff0-f521-11ef-910c-bc2411e5ef82","timestamp":"2025-02-27T15:45:59.538Z"}
{"level":"\u001b[34mdebug\u001b[39m","message":"Attempting to retrieve user from DB with id: d32f9ff0-f521-11ef-910c-bc2411e5ef82","timestamp":"2025-02-27T15:45:59.539Z"}
{"level":"\u001b[32minfo\u001b[39m","message":"User retrieved with the id: d32f9ff0-f521-11ef-910c-bc2411e5ef82","timestamp":"2025-02-27T15:45:59.563Z"}
{"level":"\u001b[32minfo\u001b[39m","message":"Updated 1 fields for user d32f9ff0-f521-11ef-910c-bc2411e5ef82","timestamp":"2025-02-27T15:46:08.653Z"}
{"level":"\u001b[32minfo\u001b[39m","message":"Updated 1 fields for user d32f9ff0-f521-11ef-910c-bc2411e5ef82","timestamp":"2025-02-27T15:46:30.873Z"}
{"level":"\u001b[34mdebug\u001b[39m","message":"Attempting to retrieve user from DB with id: d32f9ff0-f521-11ef-910c-bc2411e5ef82","timestamp":"2025-02-27T15:46:34.710Z"}
{"level":"\u001b[32minfo\u001b[39m","message":"User retrieved with the id: d32f9ff0-f521-11ef-910c-bc2411e5ef82","timestamp":"2025-02-27T15:46:34.739Z"}
{"level":"\u001b[34mdebug\u001b[39m","message":"Attempting to retrieve user from DB with id: d32f9ff0-f521-11ef-910c-bc2411e5ef82","timestamp":"2025-02-27T15:46:34.741Z"}
{"level":"\u001b[32minfo\u001b[39m","message":"User retrieved with the id: d32f9ff0-f521-11ef-910c-bc2411e5ef82","timestamp":"2025-02-27T15:46:34.766Z"}
{"level":"\u001b[32minfo\u001b[39m","message":"Updated 1 fields for user d32f9ff0-f521-11ef-910c-bc2411e5ef82","timestamp":"2025-02-27T15:46:41.711Z"}
{"level":"\u001b[34mdebug\u001b[39m","message":"Attempting to retrieve user from DB with id: d32f9ff0-f521-11ef-910c-bc2411e5ef82","timestamp":"2025-02-27T15:46:52.910Z"}
{"level":"\u001b[32minfo\u001b[39m","message":"User retrieved with the id: d32f9ff0-f521-11ef-910c-bc2411e5ef82","timestamp":"2025-02-27T15:46:52.938Z"}
{"level":"\u001b[34mdebug\u001b[39m","message":"Attempting to retrieve user from DB with id: d32f9ff0-f521-11ef-910c-bc2411e5ef82","timestamp":"2025-02-27T15:46:52.939Z"}
{"level":"\u001b[32minfo\u001b[39m","message":"User retrieved with the id: d32f9ff0-f521-11ef-910c-bc2411e5ef82","timestamp":"2025-02-27T15:46:52.967Z"}
{"level":"\u001b[34mdebug\u001b[39m","message":"Attempting to retrieve user from DB with id: d32f9ff0-f521-11ef-910c-bc2411e5ef82","timestamp":"2025-02-27T19:58:24.797Z"}
{"level":"\u001b[32minfo\u001b[39m","message":"User retrieved with the id: d32f9ff0-f521-11ef-910c-bc2411e5ef82","timestamp":"2025-02-27T19:58:24.996Z"}
{"level":"\u001b[34mdebug\u001b[39m","message":"Attempting to retrieve user from DB with id: d32f9ff0-f521-11ef-910c-bc2411e5ef82","timestamp":"2025-02-27T19:58:24.997Z"}
{"level":"\u001b[32minfo\u001b[39m","message":"User retrieved with the id: d32f9ff0-f521-11ef-910c-bc2411e5ef82","timestamp":"2025-02-27T19:58:25.020Z"}
{"level":"\u001b[34mdebug\u001b[39m","message":"Attempting to retrieve user from DB with google id: 105779883262895722413","timestamp":"2025-02-27T21:28:05.375Z"}
{"code":"ER_BAD_FIELD_ERROR","errno":1054,"level":"\u001b[31merror\u001b[39m","message":"Failed to find user with google id: 105779883262895722413 Unknown column 'google_id' in 'where clause'","sql":"\n      SELECT id\n      FROM users \n      WHERE google_id = ?\n      LIMIT 1\n    ","sqlMessage":"Unknown column 'google_id' in 'where clause'","sqlState":"42S22","stack":"Error: Unknown column 'google_id' in 'where clause'\n    at PromisePool.execute (/home/kali/Documents/benswordfire/boilerplate/node_modules/mysql2/lib/promise/pool.js:54:22)\n    at /home/kali/Documents/benswordfire/boilerplate/src/modules/authentication/models/auth.models.ts:156:77\n    at Generator.next (<anonymous>)\n    at /home/kali/Documents/benswordfire/boilerplate/src/modules/authentication/models/auth.models.ts:8:71\n    at new Promise (<anonymous>)\n    at __awaiter (/home/kali/Documents/benswordfire/boilerplate/src/modules/authentication/models/auth.models.ts:4:12)\n    at findUserByGoogleId (/home/kali/Documents/benswordfire/boilerplate/src/modules/authentication/models/auth.models.ts:147:40)\n    at /home/kali/Documents/benswordfire/boilerplate/src/modules/authentication/google/services/google.auth.services.ts:54:50\n    at Generator.next (<anonymous>)\n    at fulfilled (/home/kali/Documents/benswordfire/boilerplate/src/modules/authentication/google/services/google.auth.services.ts:5:58)","timestamp":"2025-02-27T21:28:05.537Z"}
{"level":"\u001b[34mdebug\u001b[39m","message":"Attempting to retrieve user from DB with google id: 113520076024531037117","timestamp":"2025-02-27T21:31:03.262Z"}
{"level":"\u001b[34mdebug\u001b[39m","message":"No user found with the provided google id: 113520076024531037117","timestamp":"2025-02-27T21:31:03.442Z"}
{"level":"\u001b[34mdebug\u001b[39m","message":"Attempting to retrieve user from DB with email: kovacsbencet@gmail.com","timestamp":"2025-02-27T21:31:03.442Z"}
{"level":"\u001b[34mdebug\u001b[39m","message":"User not found with the email: kovacsbencet@gmail.com","timestamp":"2025-02-27T21:31:03.489Z"}
{"level":"\u001b[34mdebug\u001b[39m","message":"Attempting to insert Google user to DB with email: kovacsbencet@gmail.com","timestamp":"2025-02-27T21:31:03.490Z"}
{"level":"\u001b[32minfo\u001b[39m","message":"Google user insterted to DB with id: 25654930-f552-11ef-910c-bc2411e5ef82","timestamp":"2025-02-27T21:31:03.581Z"}
{"level":"\u001b[34mdebug\u001b[39m","message":"Attempting to retrieve user from DB with id: 113520076024531037117","timestamp":"2025-02-27T21:31:03.635Z"}
{"level":"\u001b[34mdebug\u001b[39m","message":"User not found with the id: 113520076024531037117","timestamp":"2025-02-27T21:31:03.685Z"}
{"level":"\u001b[34mdebug\u001b[39m","message":"Attempting to retrieve user from DB with id: 113520076024531037117","timestamp":"2025-02-27T21:31:14.708Z"}
{"level":"\u001b[34mdebug\u001b[39m","message":"User not found with the id: 113520076024531037117","timestamp":"2025-02-27T21:31:14.739Z"}
{"level":"\u001b[34mdebug\u001b[39m","message":"Attempting to retrieve user from DB with email: benswordfire@gmail.com","timestamp":"2025-02-28T16:37:14.242Z"}
{"code":"ER_HOST_NOT_PRIVILEGED","errno":1130,"level":"\u001b[31merror\u001b[39m","message":"Failed to find user with email: benswordfire@gmail.com Host 'catv-176-63-29-28.catv.fixed.one.hu' is not allowed to connect to this MySQL server","sqlMessage":"Host 'catv-176-63-29-28.catv.fixed.one.hu' is not allowed to connect to this MySQL server","sqlState":"","stack":"Error: Host 'catv-176-63-29-28.catv.fixed.one.hu' is not allowed to connect to this MySQL server\n    at PromisePool.execute (/home/kali/Documents/benswordfire/boilerplate/node_modules/mysql2/lib/promise/pool.js:54:22)\n    at /home/kali/Documents/benswordfire/boilerplate/src/modules/authentication/models/auth.models.ts:97:77\n    at Generator.next (<anonymous>)\n    at /home/kali/Documents/benswordfire/boilerplate/src/modules/authentication/models/auth.models.ts:8:71\n    at new Promise (<anonymous>)\n    at __awaiter (/home/kali/Documents/benswordfire/boilerplate/src/modules/authentication/models/auth.models.ts:4:12)\n    at findUserByEmail (/home/kali/Documents/benswordfire/boilerplate/src/modules/authentication/models/auth.models.ts:77:27)\n    at /home/kali/Documents/benswordfire/boilerplate/src/modules/authentication/services/auth.service.ts:197:39\n    at Generator.next (<anonymous>)\n    at /home/kali/Documents/benswordfire/boilerplate/src/modules/authentication/services/auth.service.ts:41:71","timestamp":"2025-02-28T16:37:17.367Z"}
{"level":"\u001b[34mdebug\u001b[39m","message":"Attempting to retrieve user from DB with email: benswordfire@gmail.com","timestamp":"2025-02-28T16:37:19.574Z"}
{"level":"\u001b[34mdebug\u001b[39m","message":"Attempting to retrieve user from DB with email: benswordfire@gmail.com","timestamp":"2025-02-28T16:37:21.422Z"}
{"code":"ER_HOST_NOT_PRIVILEGED","errno":1130,"level":"\u001b[31merror\u001b[39m","message":"Failed to find user with email: benswordfire@gmail.com Host 'catv-176-63-29-28.catv.fixed.one.hu' is not allowed to connect to this MySQL server","sqlMessage":"Host 'catv-176-63-29-28.catv.fixed.one.hu' is not allowed to connect to this MySQL server","sqlState":"","stack":"Error: Host 'catv-176-63-29-28.catv.fixed.one.hu' is not allowed to connect to this MySQL server\n    at PromisePool.execute (/home/kali/Documents/benswordfire/boilerplate/node_modules/mysql2/lib/promise/pool.js:54:22)\n    at /home/kali/Documents/benswordfire/boilerplate/src/modules/authentication/models/auth.models.ts:97:77\n    at Generator.next (<anonymous>)\n    at /home/kali/Documents/benswordfire/boilerplate/src/modules/authentication/models/auth.models.ts:8:71\n    at new Promise (<anonymous>)\n    at __awaiter (/home/kali/Documents/benswordfire/boilerplate/src/modules/authentication/models/auth.models.ts:4:12)\n    at findUserByEmail (/home/kali/Documents/benswordfire/boilerplate/src/modules/authentication/models/auth.models.ts:77:27)\n    at /home/kali/Documents/benswordfire/boilerplate/src/modules/authentication/services/auth.service.ts:197:39\n    at Generator.next (<anonymous>)\n    at /home/kali/Documents/benswordfire/boilerplate/src/modules/authentication/services/auth.service.ts:41:71","timestamp":"2025-02-28T16:37:22.995Z"}
{"code":"ER_HOST_NOT_PRIVILEGED","errno":1130,"level":"\u001b[31merror\u001b[39m","message":"Failed to find user with email: benswordfire@gmail.com Host 'catv-176-63-29-28.catv.fixed.one.hu' is not allowed to connect to this MySQL server","sqlMessage":"Host 'catv-176-63-29-28.catv.fixed.one.hu' is not allowed to connect to this MySQL server","sqlState":"","stack":"Error: Host 'catv-176-63-29-28.catv.fixed.one.hu' is not allowed to connect to this MySQL server\n    at PromisePool.execute (/home/kali/Documents/benswordfire/boilerplate/node_modules/mysql2/lib/promise/pool.js:54:22)\n    at /home/kali/Documents/benswordfire/boilerplate/src/modules/authentication/models/auth.models.ts:97:77\n    at Generator.next (<anonymous>)\n    at /home/kali/Documents/benswordfire/boilerplate/src/modules/authentication/models/auth.models.ts:8:71\n    at new Promise (<anonymous>)\n    at __awaiter (/home/kali/Documents/benswordfire/boilerplate/src/modules/authentication/models/auth.models.ts:4:12)\n    at findUserByEmail (/home/kali/Documents/benswordfire/boilerplate/src/modules/authentication/models/auth.models.ts:77:27)\n    at /home/kali/Documents/benswordfire/boilerplate/src/modules/authentication/services/auth.service.ts:197:39\n    at Generator.next (<anonymous>)\n    at /home/kali/Documents/benswordfire/boilerplate/src/modules/authentication/services/auth.service.ts:41:71","timestamp":"2025-02-28T16:37:24.564Z"}
{"level":"\u001b[34mdebug\u001b[39m","message":"Attempting to retrieve user from DB with email: benswordfire@gmail.com","timestamp":"2025-02-28T16:40:36.816Z"}
{"level":"\u001b[34mdebug\u001b[39m","message":"Attempting to retrieve user from DB with email: benswordfire@gmail.com","timestamp":"2025-02-28T16:40:39.495Z"}
{"code":"ER_HOST_NOT_PRIVILEGED","errno":1130,"level":"\u001b[31merror\u001b[39m","message":"Failed to find user with email: benswordfire@gmail.com Host 'catv-176-63-29-28.catv.fixed.one.hu' is not allowed to connect to this MySQL server","sqlMessage":"Host 'catv-176-63-29-28.catv.fixed.one.hu' is not allowed to connect to this MySQL server","sqlState":"","stack":"Error: Host 'catv-176-63-29-28.catv.fixed.one.hu' is not allowed to connect to this MySQL server\n    at PromisePool.execute (/home/kali/Documents/benswordfire/boilerplate/node_modules/mysql2/lib/promise/pool.js:54:22)\n    at /home/kali/Documents/benswordfire/boilerplate/src/modules/authentication/models/auth.models.ts:97:77\n    at Generator.next (<anonymous>)\n    at /home/kali/Documents/benswordfire/boilerplate/src/modules/authentication/models/auth.models.ts:8:71\n    at new Promise (<anonymous>)\n    at __awaiter (/home/kali/Documents/benswordfire/boilerplate/src/modules/authentication/models/auth.models.ts:4:12)\n    at findUserByEmail (/home/kali/Documents/benswordfire/boilerplate/src/modules/authentication/models/auth.models.ts:77:27)\n    at /home/kali/Documents/benswordfire/boilerplate/src/modules/authentication/services/auth.service.ts:197:39\n    at Generator.next (<anonymous>)\n    at /home/kali/Documents/benswordfire/boilerplate/src/modules/authentication/services/auth.service.ts:41:71","timestamp":"2025-02-28T16:40:45.695Z"}
{"code":"ETIMEDOUT","level":"\u001b[31merror\u001b[39m","message":"Failed to find user with email: benswordfire@gmail.com connect ETIMEDOUT","stack":"Error: connect ETIMEDOUT\n    at PromisePool.execute (/home/kali/Documents/benswordfire/boilerplate/node_modules/mysql2/lib/promise/pool.js:54:22)\n    at /home/kali/Documents/benswordfire/boilerplate/src/modules/authentication/models/auth.models.ts:97:77\n    at Generator.next (<anonymous>)\n    at /home/kali/Documents/benswordfire/boilerplate/src/modules/authentication/models/auth.models.ts:8:71\n    at new Promise (<anonymous>)\n    at __awaiter (/home/kali/Documents/benswordfire/boilerplate/src/modules/authentication/models/auth.models.ts:4:12)\n    at findUserByEmail (/home/kali/Documents/benswordfire/boilerplate/src/modules/authentication/models/auth.models.ts:77:27)\n    at /home/kali/Documents/benswordfire/boilerplate/src/modules/authentication/services/auth.service.ts:197:39\n    at Generator.next (<anonymous>)\n    at /home/kali/Documents/benswordfire/boilerplate/src/modules/authentication/services/auth.service.ts:41:71","timestamp":"2025-02-28T16:40:46.824Z"}
{"level":"\u001b[34mdebug\u001b[39m","message":"Attempting to retrieve user from DB with email: benswordfire@gmail.com","timestamp":"2025-02-28T16:51:20.608Z"}
{"code":"ER_HOST_NOT_PRIVILEGED","errno":1130,"level":"\u001b[31merror\u001b[39m","message":"Failed to find user with email: benswordfire@gmail.com Host '46.125.249.56' is not allowed to connect to this MySQL server","sqlMessage":"Host '46.125.249.56' is not allowed to connect to this MySQL server","sqlState":"","stack":"Error: Host '46.125.249.56' is not allowed to connect to this MySQL server\n    at PromisePool.execute (/home/kali/Documents/benswordfire/boilerplate/node_modules/mysql2/lib/promise/pool.js:54:22)\n    at /home/kali/Documents/benswordfire/boilerplate/src/modules/authentication/models/auth.models.ts:97:77\n    at Generator.next (<anonymous>)\n    at /home/kali/Documents/benswordfire/boilerplate/src/modules/authentication/models/auth.models.ts:8:71\n    at new Promise (<anonymous>)\n    at __awaiter (/home/kali/Documents/benswordfire/boilerplate/src/modules/authentication/models/auth.models.ts:4:12)\n    at findUserByEmail (/home/kali/Documents/benswordfire/boilerplate/src/modules/authentication/models/auth.models.ts:77:27)\n    at /home/kali/Documents/benswordfire/boilerplate/src/modules/authentication/services/auth.service.ts:197:39\n    at Generator.next (<anonymous>)\n    at /home/kali/Documents/benswordfire/boilerplate/src/modules/authentication/services/auth.service.ts:41:71","timestamp":"2025-02-28T16:51:21.151Z"}
{"level":"\u001b[34mdebug\u001b[39m","message":"Attempting to retrieve user from DB with email: benswordfire@gmail.com","timestamp":"2025-02-28T16:52:50.767Z"}
{"level":"\u001b[34mdebug\u001b[39m","message":"User not found with the email: benswordfire@gmail.com","timestamp":"2025-02-28T16:52:51.430Z"}
{"level":"\u001b[34mdebug\u001b[39m","message":"Attempting to retrieve user from DB with email: kovacsbencet@gmail.com","timestamp":"2025-02-28T16:53:02.543Z"}
{"level":"\u001b[32minfo\u001b[39m","message":"User retrieved with the email: kovacsbencet@gmail.com","timestamp":"2025-02-28T16:53:02.606Z"}
{"level":"\u001b[34mdebug\u001b[39m","message":"Attempting to retrieve user from DB with email: benswordfire@gmail.com","timestamp":"2025-02-28T16:53:46.938Z"}
{"level":"\u001b[34mdebug\u001b[39m","message":"User not found with the email: benswordfire@gmail.com","timestamp":"2025-02-28T16:53:47.343Z"}
{"level":"\u001b[34mdebug\u001b[39m","message":"Attempting to insert user to DB with email: benswordfire@gmail.com","timestamp":"2025-02-28T16:53:47.786Z"}
{"level":"\u001b[32minfo\u001b[39m","message":"User insterted to DB with id: 9431ebf3-f5f4-11ef-9183-bc2411e5ef82","timestamp":"2025-02-28T16:53:48.029Z"}
{"level":"\u001b[34mdebug\u001b[39m","message":"Attempting to retrieve user from DB with id: 9431ebf3-f5f4-11ef-9183-bc2411e5ef82","timestamp":"2025-02-28T16:54:18.710Z"}
{"level":"\u001b[32minfo\u001b[39m","message":"User retrieved with the id: 9431ebf3-f5f4-11ef-9183-bc2411e5ef82","timestamp":"2025-02-28T16:54:18.864Z"}
{"level":"\u001b[32minfo\u001b[39m","message":"Updated 1 fields for user 9431ebf3-f5f4-11ef-9183-bc2411e5ef82","timestamp":"2025-02-28T16:54:18.986Z"}
{"level":"\u001b[34mdebug\u001b[39m","message":"Attempting to retrieve user from DB with email: benswordfire@gmail.com","timestamp":"2025-02-28T16:54:26.305Z"}
{"level":"\u001b[32minfo\u001b[39m","message":"User retrieved with the email: benswordfire@gmail.com","timestamp":"2025-02-28T16:54:26.400Z"}
{"level":"\u001b[34mdebug\u001b[39m","message":"Attempting to retrieve user from DB with id: 9431ebf3-f5f4-11ef-9183-bc2411e5ef82","timestamp":"2025-02-28T16:54:27.004Z"}
{"level":"\u001b[32minfo\u001b[39m","message":"User retrieved with the id: 9431ebf3-f5f4-11ef-9183-bc2411e5ef82","timestamp":"2025-02-28T16:54:27.068Z"}
{"level":"\u001b[34mdebug\u001b[39m","message":"Attempting to retrieve user from DB with id: 9431ebf3-f5f4-11ef-9183-bc2411e5ef82","timestamp":"2025-02-28T16:54:27.069Z"}
{"level":"\u001b[32minfo\u001b[39m","message":"User retrieved with the id: 9431ebf3-f5f4-11ef-9183-bc2411e5ef82","timestamp":"2025-02-28T16:54:27.126Z"}
{"level":"\u001b[34mdebug\u001b[39m","message":"Attempting to retrieve user from DB with google id: 105779883262895722413","timestamp":"2025-03-01T09:29:08.990Z"}
{"level":"\u001b[34mdebug\u001b[39m","message":"No user found with the provided google id: 105779883262895722413","timestamp":"2025-03-01T09:29:09.706Z"}
{"level":"\u001b[34mdebug\u001b[39m","message":"Attempting to retrieve user from DB with email: benswordfire@gmail.com","timestamp":"2025-03-01T09:29:09.707Z"}
{"level":"\u001b[34mdebug\u001b[39m","message":"User not found with the email: benswordfire@gmail.com","timestamp":"2025-03-01T09:29:09.846Z"}
{"level":"\u001b[34mdebug\u001b[39m","message":"Attempting to insert Google user to DB with email: benswordfire@gmail.com","timestamp":"2025-03-01T09:29:09.846Z"}
{"level":"\u001b[32minfo\u001b[39m","message":"Google user insterted to DB with id: a15bce53-f67f-11ef-9183-bc2411e5ef82","timestamp":"2025-03-01T09:29:10.237Z"}
{"level":"\u001b[34mdebug\u001b[39m","message":"Attempting to retrieve user from DB with google id: 113520076024531037117","timestamp":"2025-03-01T09:32:06.497Z"}
{"level":"\u001b[34mdebug\u001b[39m","message":"No user found with the provided google id: 113520076024531037117","timestamp":"2025-03-01T09:32:06.915Z"}
{"level":"\u001b[34mdebug\u001b[39m","message":"Attempting to retrieve user from DB with email: kovacsbencet@gmail.com","timestamp":"2025-03-01T09:32:06.916Z"}
{"level":"\u001b[34mdebug\u001b[39m","message":"User not found with the email: kovacsbencet@gmail.com","timestamp":"2025-03-01T09:32:07.063Z"}
{"level":"\u001b[34mdebug\u001b[39m","message":"Attempting to insert Google user to DB with email: kovacsbencet@gmail.com","timestamp":"2025-03-01T09:32:07.064Z"}
{"level":"\u001b[32minfo\u001b[39m","message":"Google user insterted to DB with id: 0af6b0b7-f680-11ef-9183-bc2411e5ef82","timestamp":"2025-03-01T09:32:07.299Z"}
{"level":"\u001b[34mdebug\u001b[39m","message":"Attempting to retrieve user from DB with google id: 115289760157695383823","timestamp":"2025-03-01T09:33:13.464Z"}
{"level":"\u001b[34mdebug\u001b[39m","message":"No user found with the provided google id: 115289760157695383823","timestamp":"2025-03-01T09:33:13.941Z"}
{"level":"\u001b[34mdebug\u001b[39m","message":"Attempting to retrieve user from DB with email: benvonschmid@gmail.com","timestamp":"2025-03-01T09:33:13.942Z"}
{"level":"\u001b[34mdebug\u001b[39m","message":"User not found with the email: benvonschmid@gmail.com","timestamp":"2025-03-01T09:33:14.063Z"}
{"level":"\u001b[34mdebug\u001b[39m","message":"Attempting to insert Google user to DB with email: benvonschmid@gmail.com","timestamp":"2025-03-01T09:33:14.064Z"}
{"level":"\u001b[32minfo\u001b[39m","message":"Google user insterted to DB with id: 32e46781-f680-11ef-9183-bc2411e5ef82","timestamp":"2025-03-01T09:33:14.285Z"}
{"level":"\u001b[34mdebug\u001b[39m","message":"Attempting to retrieve user from DB with google id: 105779883262895722413","timestamp":"2025-03-01T09:34:14.894Z"}
{"level":"\u001b[34mdebug\u001b[39m","message":"No user found with the provided google id: 105779883262895722413","timestamp":"2025-03-01T09:34:15.319Z"}
{"level":"\u001b[34mdebug\u001b[39m","message":"Attempting to retrieve user from DB with email: benswordfire@gmail.com","timestamp":"2025-03-01T09:34:15.321Z"}
{"level":"\u001b[34mdebug\u001b[39m","message":"User not found with the email: benswordfire@gmail.com","timestamp":"2025-03-01T09:34:15.445Z"}
{"level":"\u001b[34mdebug\u001b[39m","message":"Attempting to insert Google user to DB with email: benswordfire@gmail.com","timestamp":"2025-03-01T09:34:15.446Z"}
{"level":"\u001b[32minfo\u001b[39m","message":"Google user insterted to DB with id: 577c96ae-f680-11ef-9183-bc2411e5ef82","timestamp":"2025-03-01T09:34:15.686Z"}
{"level":"\u001b[34mdebug\u001b[39m","message":"Attempting to send Google code: 4/0AQSTgQE8xy8CVuk10HpkHkFir3Ra3kWlg2DmB244knPuHgKdgHw4v2a2rdiCU_o_LdKzag","timestamp":"2025-03-01T11:19:57.166Z"}
{"level":"\u001b[34mdebug\u001b[39m","message":"Handling Google tokenData: [object Object]","timestamp":"2025-03-01T11:19:57.606Z"}
{"level":"\u001b[34mdebug\u001b[39m","message":"Attempting to retrieve user data from Google","timestamp":"2025-03-01T11:19:57.607Z"}
{"level":"\u001b[32minfo\u001b[39m","message":"Google user data retrieved: [object Object]","timestamp":"2025-03-01T11:19:57.903Z"}
{"level":"\u001b[34mdebug\u001b[39m","message":"Attempting to retrieve user from DB with google id: 105779883262895722413","timestamp":"2025-03-01T11:19:57.905Z"}
{"level":"\u001b[32minfo\u001b[39m","message":"User retrieved with google id: 105779883262895722413","timestamp":"2025-03-01T11:19:58.342Z"}
{"level":"\u001b[34mdebug\u001b[39m","message":"Attempting to send Google code: 4/0AQSTgQEAcYrWzrSTuHpkDLemccvlMJ6Sck__mRS61Dyi_gcgnVwsIda2qtL2Bh9Y5RMpuw","timestamp":"2025-03-01T11:22:20.128Z"}
{"level":"\u001b[34mdebug\u001b[39m","message":"Handling Google tokenData: ya29.a0AeXRPp4y-ICG5puKcRvLdrJKEq1u2Km7auApE8s866pDp1fDDgmkp-o5-IjmECoMdg3Ap0NA1idcMYz2DYqDK3_0Dqr20nwW_1H3Yfz1rAOcEftJR12RCKLajFhrVQWbB_uZ6KpMJiLx3W7C-ps7C8dnGIZLjyaG0qTd5GrVaCgYKAbISARASFQHGX2Miqax8d6rXcpciQWLNsFTa2Q0175","timestamp":"2025-03-01T11:22:20.587Z"}
{"level":"\u001b[34mdebug\u001b[39m","message":"Attempting to retrieve user data from Google","timestamp":"2025-03-01T11:22:20.588Z"}
{"level":"\u001b[32minfo\u001b[39m","message":"Google user data retrieved: 105779883262895722413","timestamp":"2025-03-01T11:22:20.883Z"}
{"level":"\u001b[34mdebug\u001b[39m","message":"Attempting to retrieve user from DB with google id: 105779883262895722413","timestamp":"2025-03-01T11:22:20.884Z"}
{"level":"\u001b[32minfo\u001b[39m","message":"User retrieved with google id: 105779883262895722413","timestamp":"2025-03-01T11:22:21.365Z"}
{"level":"\u001b[34mdebug\u001b[39m","message":"Attempting to send Google code: 4/0AQSTgQHrE_5GCalAFBvga9f2VYwp9gzcxY0ktBwXp6j3tvMj-_ao3xxqoj6zI-P5OfElHA","timestamp":"2025-03-01T11:42:55.907Z"}
{"level":"\u001b[34mdebug\u001b[39m","message":"Starting Google Authentication flow.","timestamp":"2025-03-01T11:42:55.911Z"}
{"level":"\u001b[34mdebug\u001b[39m","message":"Attempting to send Google code: 4/0AQSTgQHuky_NcKZm6ZQJbADg2dq0CeEQhQpErbLU5bj3lLsj3kdnJwNMPjCd-YFrhRLBbQ","timestamp":"2025-03-01T11:44:39.763Z"}
{"level":"\u001b[34mdebug\u001b[39m","message":"Handling Google tokenData: ya29.a0AeXRPp4Bn_cknpIfueVS-VmyoEusNPeM4z7iahWKyi7QvwmwQBH_0DH0UPmC-6kKqJskne9yI0lx90D6f_ZjCGqElPQn2bTdXq_-r3iieiIJcTQumbm8G63SlhUZAuGK6N6hX-sd-ErV6PQ0FHrwIt2phcNnjxvzFektIv0DaCgYKAXISARASFQHGX2Mif-cmQBtn7A4SXPpeG9PmIg0175","timestamp":"2025-03-01T11:44:40.181Z"}
{"level":"\u001b[34mdebug\u001b[39m","message":"Attempting to retrieve user data from Google","timestamp":"2025-03-01T11:44:40.182Z"}
{"email":"benswordfire@gmail.com","id":"105779883262895722413","level":"\u001b[32minfo\u001b[39m","message":"Google user data retrieved","name":"Ben Smith","timestamp":"2025-03-01T11:44:40.529Z"}
{"level":"\u001b[34mdebug\u001b[39m","message":"Attempting to retrieve user from DB with google id: 105779883262895722413","timestamp":"2025-03-01T11:44:40.530Z"}
{"level":"\u001b[32minfo\u001b[39m","message":"User retrieved with google id: 105779883262895722413","timestamp":"2025-03-01T11:44:40.934Z"}
{"level":"\u001b[34mdebug\u001b[39m","message":"Attempting to send Google code: 4/0AQSTgQE4yjEZmcgUl2zlm4eS1O1dm-Xte5ss2Hp-YHCtf11I2cTNFcrsoT9Dn9DYQhmt3Q","timestamp":"2025-03-01T12:07:28.985Z"}
{"level":"\u001b[34mdebug\u001b[39m","message":"Handling Google tokenData: ya29.a0AeXRPp7d0oy0yV5k2Fr8PYPcoNmYA5BvMupKprb3EX7kI4fhK-Nfqhhoqv53xsG-obnfek09ZyGDUZr0RLBEhOIcsXK6SEwLDdD_fX3lq_0o9Ib2hOW-nSdkw65CI7Ee2nhko2f8QAQ2E-4yKB5G-5z0jvRp2_Hjw2lFrYmgaCgYKAdUSARISFQHGX2Miv2sALx0G2faOxwUzUI5ffw0175","timestamp":"2025-03-01T12:07:29.554Z"}
{"level":"\u001b[34mdebug\u001b[39m","message":"Attempting to retrieve user data from Google","timestamp":"2025-03-01T12:07:29.554Z"}
{"email":"kovacsbencet@gmail.com","id":"113520076024531037117","level":"\u001b[32minfo\u001b[39m","message":"Google user data retrieved","name":"Bence","timestamp":"2025-03-01T12:07:30.117Z"}
{"level":"\u001b[34mdebug\u001b[39m","message":"Attempting to retrieve user from DB with google id: 113520076024531037117","timestamp":"2025-03-01T12:07:30.118Z"}
{"level":"\u001b[34mdebug\u001b[39m","message":"No user found with the provided google id: 113520076024531037117","timestamp":"2025-03-01T12:07:31.001Z"}
{"level":"\u001b[34mdebug\u001b[39m","message":"Attempting to retrieve user from DB with email: kovacsbencet@gmail.com","timestamp":"2025-03-01T12:07:31.002Z"}
{"level":"\u001b[34mdebug\u001b[39m","message":"User not found with the email: kovacsbencet@gmail.com","timestamp":"2025-03-01T12:07:31.124Z"}
{"level":"\u001b[34mdebug\u001b[39m","message":"Attempting to insert Google user to DB with email: kovacsbencet@gmail.com","timestamp":"2025-03-01T12:07:31.125Z"}
{"level":"\u001b[32minfo\u001b[39m","message":"Google user insterted to DB with id: c0903e9d-f695-11ef-9183-bc2411e5ef82","timestamp":"2025-03-01T12:07:31.367Z"}
{"level":"\u001b[34mdebug\u001b[39m","message":"Attempting to send Google code: 4/0AQSTgQGIWfwTiCTJkcVuzx3gMtU0SLu4Ppu0eH7LcF1y9IlwbTvomr-K2iYhYCh3YoXDWQ","timestamp":"2025-03-01T14:47:53.636Z"}
{"level":"\u001b[34mdebug\u001b[39m","message":"Handling Google tokenData: ya29.a0AeXRPp6g3O67vKCHHkFe687kxCZTkVE-zsiYaNWhFXZgY6AtrtjL_LTaWdi_0IkDc3MLR55DzK5cQTeIybVOXZS02fxbj9Qh8Ej8bcHFGyu950fIonx8mSrRMn1eaVRkzESBqYiE19MjrImOIDSlCGQKa3FO6rsOCKgxZ47EaCgYKASISARASFQHGX2MiBLiMCDI9xMjEyRwbJN0wSQ0175","timestamp":"2025-03-01T14:47:54.143Z"}
{"level":"\u001b[34mdebug\u001b[39m","message":"Attempting to retrieve user data from Google","timestamp":"2025-03-01T14:47:54.143Z"}
{"email":"benswordfire@gmail.com","id":"105779883262895722413","level":"\u001b[32minfo\u001b[39m","message":"Google user data retrieved","name":"Ben","timestamp":"2025-03-01T14:47:54.423Z"}
{"level":"\u001b[34mdebug\u001b[39m","message":"Attempting to retrieve user from DB with google id: 105779883262895722413","timestamp":"2025-03-01T14:47:54.424Z"}
{"level":"\u001b[32minfo\u001b[39m","message":"User retrieved with google id: 105779883262895722413","timestamp":"2025-03-01T14:47:54.952Z"}
{"level":"\u001b[34mdebug\u001b[39m","message":"Attempting to send Google code: 4/0AQSTgQEtswgdu_LsTtF8cqFW-ILrX4Twy_YP0NdU2JRvxwpUQbnesGIpQ-UpskApONIofg","timestamp":"2025-03-01T14:49:03.672Z"}
{"level":"\u001b[34mdebug\u001b[39m","message":"Handling Google tokenData: ya29.a0AeXRPp61oyKDyxwqJa5qhkRFxCYKltpuO3ph3WS9rtDMYH-Cf1AvbtJZ_YvAA2cj1TOGe_pFJLZKjwBK_-tJtd0vlAFfLHHhiT63DN4aEug7PEqLuKrWoUITSZkLpEa5ojssaX-FcX5xXTCPtGh9f_smd9rApC-tBm1i9P5naCgYKAc8SARISFQHGX2MiaFqRisU9e5W5PgXMYBjPWQ0175","timestamp":"2025-03-01T14:49:04.107Z"}
{"level":"\u001b[34mdebug\u001b[39m","message":"Attempting to retrieve user data from Google","timestamp":"2025-03-01T14:49:04.108Z"}
{"email":"kovacsbencet@gmail.com","id":"113520076024531037117","level":"\u001b[32minfo\u001b[39m","message":"Google user data retrieved","name":"Bence","timestamp":"2025-03-01T14:49:04.341Z"}
{"level":"\u001b[34mdebug\u001b[39m","message":"Attempting to retrieve user from DB with google id: 113520076024531037117","timestamp":"2025-03-01T14:49:04.342Z"}
{"level":"\u001b[32minfo\u001b[39m","message":"User retrieved with google id: 113520076024531037117","timestamp":"2025-03-01T14:49:04.845Z"}
{"level":"\u001b[34mdebug\u001b[39m","message":"HELLO result: [object Object]","timestamp":"2025-03-01T14:49:04.845Z"}
{"level":"\u001b[34mdebug\u001b[39m","message":"Attempting to send Google code: 4/0AQSTgQHZg8-hd4gLkkJxtXVJxGUfTWg028jb24L2P8vIiPWwD9ARfOO6HRe3sajKCa9n4A","timestamp":"2025-03-01T14:50:00.539Z"}
{"level":"\u001b[34mdebug\u001b[39m","message":"Handling Google tokenData: ya29.a0AeXRPp7CaQHodK8cUSXjQFocvsc-4Upitgkjx10JnPhBKZV-RGrka4U70M5JcZ372MBOfKpMVcuhcwnlLR2oKLcLDYpdoZNfrwBWs9EffKBrwd-Sfm0WiUvJDqnqMPBfdPU62Hl0mgF-DU43i4cQZwh03TJk8rqIkXOdOkXmaCgYKAYwSARASFQHGX2MiQuUcopEIjUmf-wGPvQecJA0175","timestamp":"2025-03-01T14:50:01.553Z"}
{"level":"\u001b[34mdebug\u001b[39m","message":"Attempting to retrieve user data from Google","timestamp":"2025-03-01T14:50:01.553Z"}
{"email":"benswordfire@gmail.com","id":"105779883262895722413","level":"\u001b[32minfo\u001b[39m","message":"Google user data retrieved","name":"Ben","timestamp":"2025-03-01T14:50:01.791Z"}
{"level":"\u001b[34mdebug\u001b[39m","message":"Attempting to retrieve user from DB with google id: 105779883262895722413","timestamp":"2025-03-01T14:50:01.792Z"}
{"level":"\u001b[32minfo\u001b[39m","message":"User retrieved with google id: 105779883262895722413","timestamp":"2025-03-01T14:50:02.188Z"}
{"level":"\u001b[34mdebug\u001b[39m","message":"HELLO result: [object Object]","timestamp":"2025-03-01T14:50:02.189Z"}
{"level":"\u001b[34mdebug\u001b[39m","message":"Attempting to send Google code: 4/0AQSTgQH7Dl28V9qzny7o0OZKnowBeFd6_HAjX6oSaKR_1t0RCtu5VMHb8gwz9cqQu5e1tQ","timestamp":"2025-03-01T15:00:45.358Z"}
{"level":"\u001b[34mdebug\u001b[39m","message":"Handling Google tokenData: ya29.a0AeXRPp4aet7_qLGairLgIbVJwbv11tBSk7k43pgfqIYCfBN3S8TVpHlxieylrLf726xn064UUN9NslF7Owq8dBkNR6szfeJgRHceHXMUD9uwQFhW8sNSe9iPL0V4yZxY72Lh-b_LVyNZDS52n2qTSDs_Qnl-_NX8OWd7UaTbaCgYKAcASARASFQHGX2MisgByp_XqnsnbdVDkqDrKCg0175","timestamp":"2025-03-01T15:00:46.001Z"}
{"level":"\u001b[34mdebug\u001b[39m","message":"Attempting to retrieve user data from Google","timestamp":"2025-03-01T15:00:46.001Z"}
{"email":"benswordfire@gmail.com","id":"105779883262895722413","level":"\u001b[32minfo\u001b[39m","message":"Google user data retrieved","name":"Ben","timestamp":"2025-03-01T15:00:46.351Z"}
{"level":"\u001b[34mdebug\u001b[39m","message":"Attempting to retrieve user from DB with google id: 105779883262895722413","timestamp":"2025-03-01T15:00:46.353Z"}
{"level":"\u001b[32minfo\u001b[39m","message":"User retrieved with google id: 105779883262895722413","timestamp":"2025-03-01T15:00:47.784Z"}
{"level":"\u001b[34mdebug\u001b[39m","message":"HELLO result: [object Object]","timestamp":"2025-03-01T15:00:47.785Z"}
{"level":"\u001b[34mdebug\u001b[39m","message":"Session created: {\"userId\":\"577c96ae-f680-11ef-9183-bc2411e5ef82\",\"email\":\"benswordfire@gmail.com\"}","timestamp":"2025-03-01T15:00:47.785Z"}
{"level":"\u001b[34mdebug\u001b[39m","message":"Attempting to send Google code: 4/0AQSTgQEIuyBZI6EchxdB_1XFyFPs1H_OeV0CSDVkG4fM4Jtn2FBGswpjmnMyN4MyvE_8Fg","timestamp":"2025-03-01T15:01:31.294Z"}
{"level":"\u001b[34mdebug\u001b[39m","message":"Handling Google tokenData: ya29.a0AeXRPp5N0AffQySSn1Q9NCeaMzLyLytLTs4yzlyRIbyAFR4IhYV0OnRD0EgKVx0cewYA00dsLz6oWIAZH_ryH7CMnGAJlPoIoV7IVNGcItaYrlWo6LH7gBr-VRImlYk_DRnHD9FdYiNmSduWfltaHlxDL6wQB-fY9dlcGNZpaCgYKAYISARASFQHGX2MiKoQTu5BBcLo85c5VOm74zQ0175","timestamp":"2025-03-01T15:01:31.691Z"}
{"level":"\u001b[34mdebug\u001b[39m","message":"Attempting to retrieve user data from Google","timestamp":"2025-03-01T15:01:31.692Z"}
{"email":"benswordfire@gmail.com","id":"105779883262895722413","level":"\u001b[32minfo\u001b[39m","message":"Google user data retrieved","name":"Ben","timestamp":"2025-03-01T15:01:31.927Z"}
{"level":"\u001b[34mdebug\u001b[39m","message":"Attempting to retrieve user from DB with google id: 105779883262895722413","timestamp":"2025-03-01T15:01:31.928Z"}
{"level":"\u001b[32minfo\u001b[39m","message":"User retrieved with google id: 105779883262895722413","timestamp":"2025-03-01T15:01:32.306Z"}
{"level":"\u001b[34mdebug\u001b[39m","message":"HELLO result: [object Object]","timestamp":"2025-03-01T15:01:32.309Z"}
{"level":"\u001b[34mdebug\u001b[39m","message":"Session created: {\"userId\":\"577c96ae-f680-11ef-9183-bc2411e5ef82\",\"email\":\"benswordfire@gmail.com\"}","timestamp":"2025-03-01T15:01:32.309Z"}
{"level":"\u001b[34mdebug\u001b[39m","message":"Attempting to retrieve user from DB with id: 577c96ae-f680-11ef-9183-bc2411e5ef82","timestamp":"2025-03-01T15:01:32.435Z"}
{"level":"\u001b[32minfo\u001b[39m","message":"User retrieved with the id: 577c96ae-f680-11ef-9183-bc2411e5ef82","timestamp":"2025-03-01T15:01:32.723Z"}
{"level":"\u001b[34mdebug\u001b[39m","message":"Attempting to retrieve user from DB with id: 577c96ae-f680-11ef-9183-bc2411e5ef82","timestamp":"2025-03-01T15:01:32.724Z"}
{"level":"\u001b[32minfo\u001b[39m","message":"User retrieved with the id: 577c96ae-f680-11ef-9183-bc2411e5ef82","timestamp":"2025-03-01T15:01:32.789Z"}
{"level":"\u001b[34mdebug\u001b[39m","message":"Attempting to retrieve user from DB with id: 577c96ae-f680-11ef-9183-bc2411e5ef82","timestamp":"2025-03-01T15:01:49.730Z"}
{"level":"\u001b[32minfo\u001b[39m","message":"User retrieved with the id: 577c96ae-f680-11ef-9183-bc2411e5ef82","timestamp":"2025-03-01T15:01:49.792Z"}
{"level":"\u001b[34mdebug\u001b[39m","message":"Attempting to retrieve user from DB with id: 577c96ae-f680-11ef-9183-bc2411e5ef82","timestamp":"2025-03-01T15:01:49.792Z"}
{"level":"\u001b[32minfo\u001b[39m","message":"User retrieved with the id: 577c96ae-f680-11ef-9183-bc2411e5ef82","timestamp":"2025-03-01T15:01:49.861Z"}
{"level":"\u001b[34mdebug\u001b[39m","message":"Attempting to retrieve user from DB with id: 577c96ae-f680-11ef-9183-bc2411e5ef82","timestamp":"2025-03-01T15:01:50.991Z"}
{"level":"\u001b[32minfo\u001b[39m","message":"User retrieved with the id: 577c96ae-f680-11ef-9183-bc2411e5ef82","timestamp":"2025-03-01T15:01:51.044Z"}
{"level":"\u001b[34mdebug\u001b[39m","message":"Attempting to retrieve user from DB with id: 577c96ae-f680-11ef-9183-bc2411e5ef82","timestamp":"2025-03-01T15:01:51.044Z"}
{"level":"\u001b[32minfo\u001b[39m","message":"User retrieved with the id: 577c96ae-f680-11ef-9183-bc2411e5ef82","timestamp":"2025-03-01T15:01:51.099Z"}
{"level":"\u001b[34mdebug\u001b[39m","message":"Attempting to retrieve user from DB with id: 577c96ae-f680-11ef-9183-bc2411e5ef82","timestamp":"2025-03-01T15:01:51.956Z"}
{"level":"\u001b[32minfo\u001b[39m","message":"User retrieved with the id: 577c96ae-f680-11ef-9183-bc2411e5ef82","timestamp":"2025-03-01T15:01:52.016Z"}
{"level":"\u001b[34mdebug\u001b[39m","message":"Attempting to retrieve user from DB with id: 577c96ae-f680-11ef-9183-bc2411e5ef82","timestamp":"2025-03-01T15:01:52.016Z"}
{"level":"\u001b[32minfo\u001b[39m","message":"User retrieved with the id: 577c96ae-f680-11ef-9183-bc2411e5ef82","timestamp":"2025-03-01T15:01:52.085Z"}
{"level":"\u001b[34mdebug\u001b[39m","message":"Attempting to retrieve user from DB with id: 577c96ae-f680-11ef-9183-bc2411e5ef82","timestamp":"2025-03-01T15:01:55.281Z"}
{"level":"\u001b[32minfo\u001b[39m","message":"User retrieved with the id: 577c96ae-f680-11ef-9183-bc2411e5ef82","timestamp":"2025-03-01T15:01:55.338Z"}
{"level":"\u001b[34mdebug\u001b[39m","message":"Attempting to retrieve user from DB with id: 577c96ae-f680-11ef-9183-bc2411e5ef82","timestamp":"2025-03-01T15:01:55.339Z"}
{"level":"\u001b[32minfo\u001b[39m","message":"User retrieved with the id: 577c96ae-f680-11ef-9183-bc2411e5ef82","timestamp":"2025-03-01T15:01:55.417Z"}
{"level":"\u001b[34mdebug\u001b[39m","message":"Attempting to retrieve user from DB with email: benswordfire@gmail.com","timestamp":"2025-03-01T16:31:49.877Z"}
{"level":"\u001b[34mdebug\u001b[39m","message":"Attempting to send Google code: 4/0AQSTgQENg7yEdYSTysmsfamll3qI0lngvMXeGDXY86EyEXwxyhBGXfwWmvDWdCKAE6Vjbg","timestamp":"2025-03-01T16:32:11.899Z"}
{"level":"\u001b[34mdebug\u001b[39m","message":"Handling Google tokenData: ya29.a0AeXRPp7GZ88glI0kamYTFmUBrWjhO-jRVZektAPscYOCpTJyMKl2r8r7XkEPV4mM2kQbkmQ_RBfd8ZkWwD8wNZ1IUgTCQa8dINQg4CUmoDBeIGRYpRUtP14QfWyGNBbse2_aXJP5IOmTaEHResERCHMfSvAaG5slIcn1L4bB2QaCgYKAZoSARASFQHGX2MiipbteUCPImgDAmilX8YsKQ0177","timestamp":"2025-03-01T16:32:12.237Z"}
{"level":"\u001b[34mdebug\u001b[39m","message":"Attempting to retrieve user data from Google","timestamp":"2025-03-01T16:32:12.239Z"}
{"email":"benswordfire@gmail.com","id":"105779883262895722413","level":"\u001b[32minfo\u001b[39m","message":"Google user data retrieved","name":"Ben","timestamp":"2025-03-01T16:32:12.762Z"}
{"level":"\u001b[34mdebug\u001b[39m","message":"Attempting to retrieve user from DB with google id: 105779883262895722413","timestamp":"2025-03-01T16:32:12.763Z"}
{"level":"\u001b[32minfo\u001b[39m","message":"User retrieved with google id: 105779883262895722413","timestamp":"2025-03-01T16:32:13.581Z"}
{"level":"\u001b[34mdebug\u001b[39m","message":"HELLO result: [object Object]","timestamp":"2025-03-01T16:32:13.582Z"}
{"level":"\u001b[34mdebug\u001b[39m","message":"Session created: {\"userId\":\"577c96ae-f680-11ef-9183-bc2411e5ef82\",\"email\":\"benswordfire@gmail.com\"}","timestamp":"2025-03-01T16:32:13.582Z"}
{"level":"\u001b[34mdebug\u001b[39m","message":"Attempting to retrieve user from DB with id: 577c96ae-f680-11ef-9183-bc2411e5ef82","timestamp":"2025-03-01T16:32:13.697Z"}
{"level":"\u001b[32minfo\u001b[39m","message":"User retrieved with the id: 577c96ae-f680-11ef-9183-bc2411e5ef82","timestamp":"2025-03-01T16:32:13.868Z"}
{"level":"\u001b[34mdebug\u001b[39m","message":"Attempting to retrieve user from DB with id: 577c96ae-f680-11ef-9183-bc2411e5ef82","timestamp":"2025-03-01T16:32:13.869Z"}
{"level":"\u001b[32minfo\u001b[39m","message":"User retrieved with the id: 577c96ae-f680-11ef-9183-bc2411e5ef82","timestamp":"2025-03-01T16:32:13.940Z"}
{"level":"\u001b[34mdebug\u001b[39m","message":"Attempting to send Google code: 4/0AQSTgQE9IN9JlvfXYCEDuh5AB8MREIzrLJXUkwdsj8wBg3BET3X8sDmcaSrmCD5etRTGbg","timestamp":"2025-03-01T16:32:24.478Z"}
{"level":"\u001b[34mdebug\u001b[39m","message":"Handling Google tokenData: ya29.a0AeXRPp4FfkuTUoxHUJssE_b6JEo_VMXHjJLrDKjIHDlrr8Sufan00o33XBjxy-Ecm_epsDCZvwGcpOY92A2e2LuPNT_4SUvJU9n7swQLIVL459hZq_CjJBxLUDTZI8Wa3GrPnGJAOXQgMTHN7BWVLWme304GMdHc2scnZGTbzgaCgYKAcASARISFQHGX2Mi9cpmwbfgRyse9DdR_Pfq-g0177","timestamp":"2025-03-01T16:32:24.761Z"}
{"level":"\u001b[34mdebug\u001b[39m","message":"Attempting to retrieve user data from Google","timestamp":"2025-03-01T16:32:24.761Z"}
{"email":"kovacsbencet@gmail.com","id":"113520076024531037117","level":"\u001b[32minfo\u001b[39m","message":"Google user data retrieved","name":"Bence","timestamp":"2025-03-01T16:32:25.026Z"}
{"level":"\u001b[34mdebug\u001b[39m","message":"Attempting to retrieve user from DB with google id: 113520076024531037117","timestamp":"2025-03-01T16:32:25.027Z"}
{"level":"\u001b[32minfo\u001b[39m","message":"User retrieved with google id: 113520076024531037117","timestamp":"2025-03-01T16:32:25.100Z"}
{"level":"\u001b[34mdebug\u001b[39m","message":"HELLO result: [object Object]","timestamp":"2025-03-01T16:32:25.101Z"}
{"level":"\u001b[34mdebug\u001b[39m","message":"Session created: {\"userId\":\"c0903e9d-f695-11ef-9183-bc2411e5ef82\",\"email\":\"kovacsbencet@gmail.com\"}","timestamp":"2025-03-01T16:32:25.101Z"}
{"level":"\u001b[34mdebug\u001b[39m","message":"Attempting to retrieve user from DB with id: c0903e9d-f695-11ef-9183-bc2411e5ef82","timestamp":"2025-03-01T16:32:25.178Z"}
{"level":"\u001b[32minfo\u001b[39m","message":"User retrieved with the id: c0903e9d-f695-11ef-9183-bc2411e5ef82","timestamp":"2025-03-01T16:32:25.267Z"}
{"level":"\u001b[34mdebug\u001b[39m","message":"Attempting to retrieve user from DB with id: c0903e9d-f695-11ef-9183-bc2411e5ef82","timestamp":"2025-03-01T16:32:25.267Z"}
{"level":"\u001b[32minfo\u001b[39m","message":"User retrieved with the id: c0903e9d-f695-11ef-9183-bc2411e5ef82","timestamp":"2025-03-01T16:32:25.332Z"}
{"level":"\u001b[34mdebug\u001b[39m","message":"Attempting to retrieve user from DB with id: c0903e9d-f695-11ef-9183-bc2411e5ef82","timestamp":"2025-03-01T16:32:31.036Z"}
{"level":"\u001b[32minfo\u001b[39m","message":"User retrieved with the id: c0903e9d-f695-11ef-9183-bc2411e5ef82","timestamp":"2025-03-01T16:32:31.179Z"}
{"level":"\u001b[34mdebug\u001b[39m","message":"Attempting to retrieve user from DB with id: c0903e9d-f695-11ef-9183-bc2411e5ef82","timestamp":"2025-03-01T16:32:31.180Z"}
{"level":"\u001b[32minfo\u001b[39m","message":"User retrieved with the id: c0903e9d-f695-11ef-9183-bc2411e5ef82","timestamp":"2025-03-01T16:32:31.356Z"}
{"code":"ETIMEDOUT","errno":-110,"level":"\u001b[31merror\u001b[39m","message":"Failed to find user with email: benswordfire@gmail.com read ETIMEDOUT","stack":"Error: read ETIMEDOUT\n    at PromisePool.execute (/home/kali/Documents/benswordfire/boilerplate/node_modules/mysql2/lib/promise/pool.js:54:22)\n    at /home/kali/Documents/benswordfire/boilerplate/src/modules/authentication/models/auth.models.ts:97:77\n    at Generator.next (<anonymous>)\n    at /home/kali/Documents/benswordfire/boilerplate/src/modules/authentication/models/auth.models.ts:8:71\n    at new Promise (<anonymous>)\n    at __awaiter (/home/kali/Documents/benswordfire/boilerplate/src/modules/authentication/models/auth.models.ts:4:12)\n    at findUserByEmail (/home/kali/Documents/benswordfire/boilerplate/src/modules/authentication/models/auth.models.ts:77:27)\n    at /home/kali/Documents/benswordfire/boilerplate/src/modules/authentication/services/auth.service.ts:37:47\n    at Generator.next (<anonymous>)\n    at /home/kali/Documents/benswordfire/boilerplate/src/modules/authentication/services/auth.service.ts:41:71","timestamp":"2025-03-01T16:48:32.814Z"}
{"level":"\u001b[34mdebug\u001b[39m","message":"Attempting to send Google code: 4/0AQSTgQHMTVgLmdp09j1PtvZzxzu5f56jYPsPOz2emepkoAn66wbXLvoeH54YpZOK-rqW7Q","timestamp":"2025-03-02T10:56:16.315Z"}
{"level":"\u001b[34mdebug\u001b[39m","message":"Handling Google tokenData: ya29.a0AeXRPp5_hdC0s9RQYsULWJB_UZ0a6NmlHZS_FG1Trv9dvB_WO1HLZ6WdRc-_HJL3ABtmc7N1-BVYbH-7YJXJKU2MacnoUW4Hx90JfnPXG1HWwNC0yTtIJqPmwiY9GXd6p0qhrur7yZElqbmX7VX6InNgTgvWgg4apQGzeEQQqwaCgYKAacSARASFQHGX2MiHH5dLwgLmdpOi0FSAIZNyw0177","timestamp":"2025-03-02T10:56:16.786Z"}
{"level":"\u001b[34mdebug\u001b[39m","message":"Attempting to retrieve user data from Google","timestamp":"2025-03-02T10:56:16.786Z"}
{"email":"benswordfire@gmail.com","id":"105779883262895722413","level":"\u001b[32minfo\u001b[39m","message":"Google user data retrieved","name":"Ben","timestamp":"2025-03-02T10:56:17.084Z"}
{"level":"\u001b[34mdebug\u001b[39m","message":"Attempting to retrieve user from DB with google id: 105779883262895722413","timestamp":"2025-03-02T10:56:17.085Z"}
{"level":"\u001b[32minfo\u001b[39m","message":"User retrieved with google id: 105779883262895722413","timestamp":"2025-03-02T10:56:17.650Z"}
{"level":"\u001b[34mdebug\u001b[39m","message":"HELLO result: [object Object]","timestamp":"2025-03-02T10:56:17.651Z"}
{"level":"\u001b[34mdebug\u001b[39m","message":"Session created: {\"userId\":\"577c96ae-f680-11ef-9183-bc2411e5ef82\",\"email\":\"benswordfire@gmail.com\"}","timestamp":"2025-03-02T10:56:17.651Z"}
{"level":"\u001b[34mdebug\u001b[39m","message":"Attempting to retrieve user from DB with id: 577c96ae-f680-11ef-9183-bc2411e5ef82","timestamp":"2025-03-02T10:56:17.780Z"}
{"level":"\u001b[32minfo\u001b[39m","message":"User retrieved with the id: 577c96ae-f680-11ef-9183-bc2411e5ef82","timestamp":"2025-03-02T10:56:17.931Z"}
{"level":"\u001b[34mdebug\u001b[39m","message":"Attempting to retrieve user from DB with id: 577c96ae-f680-11ef-9183-bc2411e5ef82","timestamp":"2025-03-02T10:56:17.932Z"}
{"level":"\u001b[32minfo\u001b[39m","message":"User retrieved with the id: 577c96ae-f680-11ef-9183-bc2411e5ef82","timestamp":"2025-03-02T10:56:18.001Z"}
{"level":"\u001b[34mdebug\u001b[39m","message":"Attempting to retrieve user from DB with id: 577c96ae-f680-11ef-9183-bc2411e5ef82","timestamp":"2025-03-02T10:56:28.952Z"}
{"level":"\u001b[32minfo\u001b[39m","message":"User retrieved with the id: 577c96ae-f680-11ef-9183-bc2411e5ef82","timestamp":"2025-03-02T10:56:29.017Z"}
{"level":"\u001b[34mdebug\u001b[39m","message":"Attempting to retrieve user from DB with id: 577c96ae-f680-11ef-9183-bc2411e5ef82","timestamp":"2025-03-02T10:56:29.018Z"}
{"level":"\u001b[32minfo\u001b[39m","message":"User retrieved with the id: 577c96ae-f680-11ef-9183-bc2411e5ef82","timestamp":"2025-03-02T10:56:29.088Z"}
{"level":"\u001b[34mdebug\u001b[39m","message":"Attempting to retrieve user from DB with id: 577c96ae-f680-11ef-9183-bc2411e5ef82","timestamp":"2025-03-02T10:56:31.190Z"}
{"level":"\u001b[32minfo\u001b[39m","message":"User retrieved with the id: 577c96ae-f680-11ef-9183-bc2411e5ef82","timestamp":"2025-03-02T10:56:31.251Z"}
{"level":"\u001b[34mdebug\u001b[39m","message":"Attempting to retrieve user from DB with id: 577c96ae-f680-11ef-9183-bc2411e5ef82","timestamp":"2025-03-02T10:56:31.252Z"}
{"level":"\u001b[32minfo\u001b[39m","message":"User retrieved with the id: 577c96ae-f680-11ef-9183-bc2411e5ef82","timestamp":"2025-03-02T10:56:31.320Z"}
{"level":"\u001b[34mdebug\u001b[39m","message":"Attempting to retrieve user from DB with id: 577c96ae-f680-11ef-9183-bc2411e5ef82","timestamp":"2025-03-02T10:56:34.620Z"}
{"level":"\u001b[32minfo\u001b[39m","message":"User retrieved with the id: 577c96ae-f680-11ef-9183-bc2411e5ef82","timestamp":"2025-03-02T10:56:34.681Z"}
{"level":"\u001b[34mdebug\u001b[39m","message":"Attempting to retrieve user from DB with id: 577c96ae-f680-11ef-9183-bc2411e5ef82","timestamp":"2025-03-02T10:56:34.681Z"}
{"level":"\u001b[32minfo\u001b[39m","message":"User retrieved with the id: 577c96ae-f680-11ef-9183-bc2411e5ef82","timestamp":"2025-03-02T10:56:34.763Z"}
{"level":"\u001b[34mdebug\u001b[39m","message":"Attempting to retrieve user from DB with id: 577c96ae-f680-11ef-9183-bc2411e5ef82","timestamp":"2025-03-02T10:56:55.772Z"}
{"level":"\u001b[32minfo\u001b[39m","message":"User retrieved with the id: 577c96ae-f680-11ef-9183-bc2411e5ef82","timestamp":"2025-03-02T10:56:55.845Z"}
{"level":"\u001b[34mdebug\u001b[39m","message":"Attempting to retrieve user from DB with id: 577c96ae-f680-11ef-9183-bc2411e5ef82","timestamp":"2025-03-02T10:56:55.845Z"}
{"level":"\u001b[32minfo\u001b[39m","message":"User retrieved with the id: 577c96ae-f680-11ef-9183-bc2411e5ef82","timestamp":"2025-03-02T10:56:55.905Z"}
{"level":"\u001b[34mdebug\u001b[39m","message":"Attempting to send Google code: 4/0AQSTgQF9EoX7vQZEggV0XtM7MoHXkNyCtSV2LCtIQUqJX_cirQg6oCdMDFkULJThVDgnQg","timestamp":"2025-03-02T19:41:51.821Z"}
{"level":"\u001b[34mdebug\u001b[39m","message":"Handling Google tokenData: ya29.a0AeXRPp4skw0gFmFqZ67tKb5L-9oH7EM9Pa4QcQQL4LlIHLZU51dNM8ZLexP0vNi_E3jGzI2Wgsti8gRbizg6vM4e-yEcqll43sR8JSMWsiLcK6OdEIxQqIMIRp4xIYZZ8Zd2rtuj1moLGOsZUhI_GriI-sTBfMB8xtyKW736fwaCgYKATgSARASFQHGX2MivPeDtHm5Qk88La4fNAQaog0177","timestamp":"2025-03-02T19:41:52.125Z"}
{"level":"\u001b[34mdebug\u001b[39m","message":"Attempting to retrieve user data from Google","timestamp":"2025-03-02T19:41:52.126Z"}
{"email":"benswordfire@gmail.com","id":"105779883262895722413","level":"\u001b[32minfo\u001b[39m","message":"Google user data retrieved","name":"Ben","timestamp":"2025-03-02T19:41:52.265Z"}
{"level":"\u001b[34mdebug\u001b[39m","message":"Attempting to retrieve user from DB with google id: 105779883262895722413","timestamp":"2025-03-02T19:41:52.266Z"}
{"code":"ER_HOST_NOT_PRIVILEGED","errno":1130,"level":"\u001b[31merror\u001b[39m","message":"Failed to find user with google id: 105779883262895722413 Host '84-115-233-192.cable.dynamic.surfer.at' is not allowed to connect to this MySQL server","sqlMessage":"Host '84-115-233-192.cable.dynamic.surfer.at' is not allowed to connect to this MySQL server","sqlState":"","stack":"Error: Host '84-115-233-192.cable.dynamic.surfer.at' is not allowed to connect to this MySQL server\n    at PromisePool.execute (/home/kali/Documents/benswordfire/boilerplate/node_modules/mysql2/lib/promise/pool.js:54:22)\n    at /home/kali/Documents/benswordfire/boilerplate/src/modules/authentication/models/auth.models.ts:156:77\n    at Generator.next (<anonymous>)\n    at /home/kali/Documents/benswordfire/boilerplate/src/modules/authentication/models/auth.models.ts:8:71\n    at new Promise (<anonymous>)\n    at __awaiter (/home/kali/Documents/benswordfire/boilerplate/src/modules/authentication/models/auth.models.ts:4:12)\n    at findUserByGoogleId (/home/kali/Documents/benswordfire/boilerplate/src/modules/authentication/models/auth.models.ts:147:40)\n    at /home/kali/Documents/benswordfire/boilerplate/src/modules/authentication/google/services/google.auth.services.ts:65:50\n    at Generator.next (<anonymous>)\n    at fulfilled (/home/kali/Documents/benswordfire/boilerplate/src/modules/authentication/google/services/google.auth.services.ts:5:58)","timestamp":"2025-03-02T19:41:52.932Z"}
{"level":"\u001b[31merror\u001b[39m","message":"Google authentication failed: Failed to retrieve user by google id","stack":"Error: Failed to retrieve user by google id\n    at /home/kali/Documents/benswordfire/boilerplate/src/modules/authentication/models/auth.models.ts:171:11\n    at Generator.throw (<anonymous>)\n    at rejected (/home/kali/Documents/benswordfire/boilerplate/src/modules/authentication/models/auth.models.ts:6:65)\n    at processTicksAndRejections (node:internal/process/task_queues:95:5)","timestamp":"2025-03-02T19:41:52.934Z"}
{"level":"\u001b[34mdebug\u001b[39m","message":"Attempting to retrieve user from DB with email: benswordfire@gmail.com","timestamp":"2025-03-02T20:59:04.230Z"}
{"level":"\u001b[34mdebug\u001b[39m","message":"User not found with the email: benswordfire@gmail.com","timestamp":"2025-03-02T20:59:04.475Z"}
{"level":"\u001b[34mdebug\u001b[39m","message":"Attempting to insert user to DB with email: benswordfire@gmail.com","timestamp":"2025-03-02T20:59:04.925Z"}
{"level":"\u001b[32minfo\u001b[39m","message":"User insterted to DB with id: 2d14c28e-f7a9-11ef-9183-bc2411e5ef82","timestamp":"2025-03-02T20:59:05.018Z"}
{"level":"\u001b[34mdebug\u001b[39m","message":"Attempting to retrieve user from DB with email: benswordfire@gmail.com","timestamp":"2025-03-02T21:34:34.916Z"}
{"level":"\u001b[34mdebug\u001b[39m","message":"User not found with the email: benswordfire@gmail.com","timestamp":"2025-03-02T21:34:34.948Z"}
{"level":"\u001b[34mdebug\u001b[39m","message":"Attempting to insert user to DB with email: benswordfire@gmail.com","timestamp":"2025-03-02T21:34:35.384Z"}
{"level":"\u001b[32minfo\u001b[39m","message":"User insterted to DB with id: 22ea2f04-f7ae-11ef-9183-bc2411e5ef82","timestamp":"2025-03-02T21:34:35.433Z"}
{"level":"\u001b[34mdebug\u001b[39m","message":"Attempting to retrieve user from DB with id: 22ea2f04-f7ae-11ef-9183-bc2411e5ef82","timestamp":"2025-03-02T21:34:59.714Z"}
{"level":"\u001b[32minfo\u001b[39m","message":"User retrieved with the id: 22ea2f04-f7ae-11ef-9183-bc2411e5ef82","timestamp":"2025-03-02T21:34:59.763Z"}
{"level":"\u001b[32minfo\u001b[39m","message":"Updated 1 fields for user 22ea2f04-f7ae-11ef-9183-bc2411e5ef82","timestamp":"2025-03-02T21:34:59.812Z"}
{"level":"\u001b[34mdebug\u001b[39m","message":"Attempting to retrieve user from DB with email: benswordfire@gmail.com","timestamp":"2025-03-02T21:35:15.281Z"}
{"level":"\u001b[32minfo\u001b[39m","message":"User retrieved with the email: benswordfire@gmail.com","timestamp":"2025-03-02T21:35:15.315Z"}
{"level":"\u001b[34mdebug\u001b[39m","message":"Attempting to retrieve user from DB with email: benswordfire@gmail.com","timestamp":"2025-03-02T21:35:40.302Z"}
{"level":"\u001b[32minfo\u001b[39m","message":"User retrieved with the email: benswordfire@gmail.com","timestamp":"2025-03-02T21:35:40.331Z"}
